\BOOKMARK [0][-]{chapter*.1}{\376\377\000T\000\363\000m\000\040\000t\036\257\000t}{}% 1
\BOOKMARK [0][-]{chapter*.2}{\376\377\000A\000b\000s\000t\000r\000a\000c\000t}{}% 2
\BOOKMARK [0][-]{chapter*.3}{\376\377\000L\036\335\000i\000\040\000c\000a\000m\000\040\001\021\000o\000a\000n}{}% 3
\BOOKMARK [0][-]{chapter*.7}{\376\377\000B\036\243\000n\000g\000\040\000c\000\341\000c\000\040\000k\000\375\000\040\000h\000i\036\307\000u\000\040\000v\000\340\000\040\000c\000h\036\357\000\040\000v\000i\036\277\000t\000\040\000t\036\257\000t}{}% 4
\BOOKMARK [0][-]{chapter*.8}{\376\377\000M\036\337\000\040\001\021\036\247\000u}{}% 5
\BOOKMARK [0][-]{chapter.1}{\376\377\000T\036\325\000n\000g\000\040\000q\000u\000a\000n\000\040\000v\036\301\000\040\000t\000\363\000m\000\040\000t\036\257\000t\000\040\000v\001\003\000n\000\040\000b\036\243\000n\000\040\000v\000\340\000\040\000k\000i\036\303\000m\000\040\000c\000h\036\351\000n\000g\000\040\000t\000i\000n\000\040\000t\036\351\000c}{}% 6
\BOOKMARK [1][-]{section.1.1}{\376\377\000B\000\340\000i\000\040\000t\000o\000\341\000n\000\040\000t\000\363\000m\000\040\000t\036\257\000t\000\040\000v\001\003\000n\000\040\000b\036\243\000n\000\040\000t\036\361\000\040\001\021\036\331\000n\000g}{chapter.1}% 7
\BOOKMARK [2][-]{subsection.1.1.1}{\376\377\001\020\036\313\000n\000h\000\040\000n\000g\000h\001\051\000a\000\040\000v\000\340\000\040\000p\000h\000\342\000n\000\040\000l\000o\036\241\000i}{section.1.1}% 8
\BOOKMARK [2][-]{subsection.1.1.2}{\376\377\000C\000\341\000c\000\040\000p\000h\001\260\001\241\000n\000g\000\040\000p\000h\000\341\000p\000\040\000t\000i\036\277\000p\000\040\000c\036\255\000n}{section.1.1}% 9
\BOOKMARK [2][-]{subsection.1.1.3}{\376\377\000T\000\363\000m\000\040\000t\036\257\000t\000\040\000v\001\003\000n\000\040\000b\036\243\000n\000\040\000t\000i\036\277\000n\000g\000\040\000V\000i\036\307\000t\000\040\040\024\000\040\000t\000h\000\341\000c\000h\000\040\000t\000h\036\351\000c\000\040\000v\000\340\000\040\000h\000i\036\307\000n\000\040\000t\000r\036\241\000n\000g}{section.1.1}% 10
\BOOKMARK [1][-]{section.1.2}{\376\377\000B\000\340\000i\000\040\000t\000o\000\341\000n\000\040\000k\000i\036\303\000m\000\040\000c\000h\036\351\000n\000g\000\040\000t\000i\000n\000\040\000t\036\351\000c}{chapter.1}% 11
\BOOKMARK [2][-]{subsection.1.2.1}{\376\377\000T\000i\000n\000\040\000g\000i\036\243\000\040\000v\000\340\000\040\000t\000h\000\364\000n\000g\000\040\000t\000i\000n\000\040\000s\000a\000i\000\040\000l\036\307\000c\000h}{section.1.2}% 12
\BOOKMARK [2][-]{subsection.1.2.2}{\376\377\000C\000\341\000c\000\040\000p\000h\001\260\001\241\000n\000g\000\040\000p\000h\000\341\000p\000\040\000k\000i\036\303\000m\000\040\000c\000h\036\351\000n\000g\000\040\000t\036\361\000\040\001\021\036\331\000n\000g}{section.1.2}% 13
\BOOKMARK [1][-]{section.1.3}{\376\377\000C\000\341\000c\000\040\000c\000\364\000n\000g\000\040\000t\000r\000\354\000n\000h\000\040\000l\000i\000\352\000n\000\040\000q\000u\000a\000n}{chapter.1}% 14
\BOOKMARK [2][-]{subsection.1.3.1}{\376\377\000H\036\307\000\040\000t\000h\036\321\000n\000g\000\040\000t\000\363\000m\000\040\000t\036\257\000t\000\040\000t\000i\000n\000\040\000t\036\351\000c}{section.1.3}% 15
\BOOKMARK [2][-]{subsection.1.3.2}{\376\377\000C\000\364\000n\000g\000\040\000c\036\345\000\040\000k\000i\036\303\000m\000\040\000c\000h\036\351\000n\000g\000\040\000s\036\361\000\040\000k\000i\036\307\000n}{section.1.3}% 16
\BOOKMARK [2][-]{subsection.1.3.3}{\376\377\000B\000r\000o\000w\000s\000e\000r\000\040\000e\000x\000t\000e\000n\000s\000i\000o\000n\000\040\000c\000h\000o\000\040\000x\036\355\000\040\000l\000\375\000\040\000t\000i\000n\000\040\000t\036\351\000c}{section.1.3}% 17
\BOOKMARK [1][-]{section.1.4}{\376\377\000T\036\325\000n\000g\000\040\000k\036\277\000t\000\040\000c\000h\001\260\001\241\000n\000g}{chapter.1}% 18
\BOOKMARK [0][-]{chapter.2}{\376\377\000C\001\241\000\040\000s\036\337\000\040\000l\000\375\000\040\000t\000h\000u\000y\036\277\000t}{}% 19
\BOOKMARK [1][-]{section.2.1}{\376\377\000M\000\364\000\040\000h\000\354\000n\000h\000\040\000n\000g\000\364\000n\000\040\000n\000g\036\357\000\040\000l\036\333\000n\000\040\000\050\000L\000a\000r\000g\000e\000\040\000L\000a\000n\000g\000u\000a\000g\000e\000\040\000M\000o\000d\000e\000l\000s\000\051}{chapter.2}% 20
\BOOKMARK [2][-]{subsection.2.1.1}{\376\377\000K\000i\036\277\000n\000\040\000t\000r\000\372\000c\000\040\000T\000r\000a\000n\000s\000f\000o\000r\000m\000e\000r}{section.2.1}% 21
\BOOKMARK [2][-]{subsection.2.1.2}{\376\377\000C\000\341\000c\000\040\000m\000\364\000\040\000h\000\354\000n\000h\000\040\000t\000i\036\301\000n\000\040\000h\000u\036\245\000n\000\040\000l\000u\000y\036\307\000n}{section.2.1}% 22
\BOOKMARK [2][-]{subsection.2.1.3}{\376\377\000C\000\341\000c\000\040\000m\000\364\000\040\000h\000\354\000n\000h\000\040\000s\036\355\000\040\000d\036\345\000n\000g\000\040\000t\000r\000o\000n\000g\000\040\000k\000h\000\363\000a\000\040\000l\000u\036\255\000n}{section.2.1}% 23
\BOOKMARK [1][-]{section.2.2}{\376\377\000C\000\341\000c\000\040\000p\000h\001\260\001\241\000n\000g\000\040\000p\000h\000\341\000p\000\040\001\021\000\341\000n\000h\000\040\000g\000i\000\341\000\040\000c\000h\036\245\000t\000\040\000l\001\260\036\343\000n\000g\000\040\000t\000\363\000m\000\040\000t\036\257\000t}{chapter.2}% 24
\BOOKMARK [2][-]{subsection.2.2.1}{\376\377\000R\000O\000U\000G\000E\000\040\000\050\000R\000e\000c\000a\000l\000l\000-\000O\000r\000i\000e\000n\000t\000e\000d\000\040\000U\000n\000d\000e\000r\000s\000t\000u\000d\000y\000\040\000f\000o\000r\000\040\000G\000i\000s\000t\000i\000n\000g\000\040\000E\000v\000a\000l\000u\000a\000t\000i\000o\000n\000\051}{section.2.2}% 25
\BOOKMARK [2][-]{subsection.2.2.2}{\376\377\000B\000L\000E\000U\000\040\000\050\000B\000i\000l\000i\000n\000g\000u\000a\000l\000\040\000E\000v\000a\000l\000u\000a\000t\000i\000o\000n\000\040\000U\000n\000d\000e\000r\000s\000t\000u\000d\000y\000\051}{section.2.2}% 26
\BOOKMARK [2][-]{subsection.2.2.3}{\376\377\000B\000E\000R\000T\000S\000c\000o\000r\000e}{section.2.2}% 27
\BOOKMARK [2][-]{subsection.2.2.4}{\376\377\000T\036\367\000\040\000l\036\307\000\040\000n\000\351\000n\000\040\000\050\000C\000o\000m\000p\000r\000e\000s\000s\000i\000o\000n\000\040\000R\000a\000t\000e\000\051}{section.2.2}% 28
\BOOKMARK [1][-]{section.2.3}{\376\377\000K\036\371\000\040\000t\000h\000u\036\255\000t\000\040\000t\000r\000\355\000c\000h\000\040\000x\000u\036\245\000t\000\040\000n\036\331\000i\000\040\000d\000u\000n\000g\000\040\000w\000e\000b}{chapter.2}% 29
\BOOKMARK [2][-]{subsection.2.3.1}{\376\377\000M\000o\000z\000i\000l\000l\000a\000\040\000R\000e\000a\000d\000a\000b\000i\000l\000i\000t\000y}{section.2.3}% 30
\BOOKMARK [2][-]{subsection.2.3.2}{\376\377\000X\036\355\000\040\000l\000\375\000\040\001\021\036\267\000c\000\040\000t\000h\000\371\000\040\000c\000\341\000c\000\040\000t\000r\000a\000n\000g\000\040\000b\000\341\000o\000\040\000V\000i\036\307\000t\000\040\000N\000a\000m}{section.2.3}% 31
\BOOKMARK [1][-]{section.2.4}{\376\377\000K\000i\036\277\000n\000\040\000t\000r\000\372\000c\000\040\000S\000e\000a\000r\000c\000h\000-\000A\000u\000g\000m\000e\000n\000t\000e\000d\000\040\000G\000e\000n\000e\000r\000a\000t\000i\000o\000n}{chapter.2}% 32
\BOOKMARK [2][-]{subsection.2.4.1}{\376\377\000R\000e\000t\000r\000i\000e\000v\000a\000l\000-\000A\000u\000g\000m\000e\000n\000t\000e\000d\000\040\000G\000e\000n\000e\000r\000a\000t\000i\000o\000n\000\040\000\050\000R\000A\000G\000\051}{section.2.4}% 33
\BOOKMARK [2][-]{subsection.2.4.2}{\376\377\000T\000a\000v\000i\000l\000y\000\040\000S\000e\000a\000r\000c\000h\000\040\000A\000P\000I}{section.2.4}% 34
\BOOKMARK [1][-]{section.2.5}{\376\377\000C\000\364\000n\000g\000\040\000n\000g\000h\036\307\000\040\000p\000h\000\341\000t\000\040\000t\000r\000i\036\303\000n\000\040\000t\000i\036\307\000n\000\040\000\355\000c\000h\000\040\000t\000r\000\354\000n\000h\000\040\000d\000u\000y\036\307\000t}{chapter.2}% 35
\BOOKMARK [2][-]{subsection.2.5.1}{\376\377\000M\000a\000n\000i\000f\000e\000s\000t\000\040\000V\0003\000\040\000v\000\340\000\040\000P\000l\000a\000s\000m\000o\000\040\000F\000r\000a\000m\000e\000w\000o\000r\000k}{section.2.5}% 36
\BOOKMARK [1][-]{section.2.6}{\376\377\000T\036\325\000n\000g\000\040\000k\036\277\000t\000\040\000c\000h\001\260\001\241\000n\000g}{chapter.2}% 37
\BOOKMARK [0][-]{chapter.3}{\376\377\000T\000h\000i\036\277\000t\000\040\000k\036\277\000\040\000v\000\340\000\040\000x\000\342\000y\000\040\000d\036\361\000n\000g\000\040\000h\036\307\000\040\000t\000h\036\321\000n\000g}{}% 38
\BOOKMARK [1][-]{section.3.1}{\376\377\000P\000h\000\342\000n\000\040\000t\000\355\000c\000h\000\040\000y\000\352\000u\000\040\000c\036\247\000u}{chapter.3}% 39
\BOOKMARK [2][-]{subsection.3.1.1}{\376\377\000Y\000\352\000u\000\040\000c\036\247\000u\000\040\000c\000h\036\351\000c\000\040\000n\001\003\000n\000g}{section.3.1}% 40
\BOOKMARK [2][-]{subsection.3.1.2}{\376\377\000Y\000\352\000u\000\040\000c\036\247\000u\000\040\000p\000h\000i\000\040\000c\000h\036\351\000c\000\040\000n\001\003\000n\000g}{section.3.1}% 41
\BOOKMARK [1][-]{section.3.2}{\376\377\000K\000i\036\277\000n\000\040\000t\000r\000\372\000c\000\040\000h\036\307\000\040\000t\000h\036\321\000n\000g}{chapter.3}% 42
\BOOKMARK [2][-]{subsection.3.2.1}{\376\377\000T\036\325\000n\000g\000\040\000q\000u\000a\000n\000\040\000k\000i\036\277\000n\000\040\000t\000r\000\372\000c}{section.3.2}% 43
\BOOKMARK [2][-]{subsection.3.2.2}{\376\377\000T\000i\036\307\000n\000\040\000\355\000c\000h\000\040\000m\036\337\000\040\000r\036\331\000n\000g\000\040\000t\000r\000\354\000n\000h\000\040\000d\000u\000y\036\307\000t\000\040\000\050\000B\000r\000o\000w\000s\000e\000r\000\040\000E\000x\000t\000e\000n\000s\000i\000o\000n\000\051}{section.3.2}% 44
\BOOKMARK [2][-]{subsection.3.2.3}{\376\377\000M\000\341\000y\000\040\000c\000h\036\347\000\040\000A\000P\000I\000\040\000\050\000B\000a\000c\000k\000e\000n\000d\000\040\000S\000e\000r\000v\000e\000r\000\051}{section.3.2}% 45
\BOOKMARK [2][-]{subsection.3.2.4}{\376\377\000D\036\313\000c\000h\000\040\000v\036\345\000\040\000B\000E\000R\000T\000S\000c\000o\000r\000e\000\040\000\050\000B\000E\000R\000T\000S\000c\000o\000r\000e\000\040\000M\000i\000c\000r\000o\000s\000e\000r\000v\000i\000c\000e\000\051}{section.3.2}% 46
\BOOKMARK [1][-]{section.3.3}{\376\377\000T\000h\000i\036\277\000t\000\040\000k\036\277\000\040\000c\000h\000i\000\040\000t\000i\036\277\000t\000\040\000c\000\341\000c\000\040\000m\000o\000d\000u\000l\000e}{chapter.3}% 47
\BOOKMARK [2][-]{subsection.3.3.1}{\376\377\000M\000o\000d\000u\000l\000e\000\040\000t\000\363\000m\000\040\000t\036\257\000t\000\040\000v\001\003\000n\000\040\000b\036\243\000n}{section.3.3}% 48
\BOOKMARK [2][-]{subsection.3.3.2}{\376\377\000M\000o\000d\000u\000l\000e\000\040\000k\000i\036\303\000m\000\040\000c\000h\036\351\000n\000g\000\040\000s\036\361\000\040\000k\000i\036\307\000n}{section.3.3}% 49
\BOOKMARK [2][-]{subsection.3.3.3}{\376\377\000M\000o\000d\000u\000l\000e\000\040\001\021\000a\000\040\000m\000\364\000\040\000h\000\354\000n\000h\000\040\000\050\000M\000u\000l\000t\000i\000-\000P\000r\000o\000v\000i\000d\000e\000r\000\040\000L\000L\000M\000\051}{section.3.3}% 50
\BOOKMARK [2][-]{subsection.3.3.4}{\376\377\000C\001\241\000\040\000c\000h\036\277\000\040\001\021\036\313\000n\000h\000\040\000t\000u\000y\036\277\000n\000\040\000m\000\364\000\040\000h\000\354\000n\000h\000\040\000\050\000R\000o\000u\000t\000i\000n\000g\000\040\000M\000e\000c\000h\000a\000n\000i\000s\000m\000\051}{section.3.3}% 51
\BOOKMARK [2][-]{subsection.3.3.5}{\376\377\000M\000o\000d\000u\000l\000e\000\040\001\021\000\341\000n\000h\000\040\000g\000i\000\341\000\040\000\050\000E\000v\000a\000l\000u\000a\000t\000i\000o\000n\000\040\000M\000o\000d\000u\000l\000e\000\051}{section.3.3}% 52
\BOOKMARK [1][-]{section.3.4}{\376\377\000T\000h\000i\036\277\000t\000\040\000k\036\277\000\040\000c\001\241\000\040\000s\036\337\000\040\000d\036\357\000\040\000l\000i\036\307\000u}{chapter.3}% 53
\BOOKMARK [2][-]{subsection.3.4.1}{\376\377\000S\001\241\000\040\001\021\036\323\000\040\000q\000u\000a\000n\000\040\000h\036\307}{section.3.4}% 54
\BOOKMARK [2][-]{subsection.3.4.2}{\376\377\000M\000\364\000\040\000t\036\243\000\040\000c\000h\000i\000\040\000t\000i\036\277\000t\000\040\000c\000\341\000c\000\040\000b\036\243\000n\000g}{section.3.4}% 55
\BOOKMARK [1][-]{section.3.5}{\376\377\000T\000h\000i\036\277\000t\000\040\000k\036\277\000\040\000g\000i\000a\000o\000\040\000d\000i\036\307\000n\000\040\000n\000g\001\260\036\335\000i\000\040\000d\000\371\000n\000g}{chapter.3}% 56
\BOOKMARK [2][-]{subsection.3.5.1}{\376\377\000S\000i\000d\000e\000b\000a\000r\000\040\000t\000\363\000m\000\040\000t\036\257\000t}{section.3.5}% 57
\BOOKMARK [2][-]{subsection.3.5.2}{\376\377\000P\000o\000p\000o\000v\000e\000r\000\040\000k\000i\036\303\000m\000\040\000c\000h\036\351\000n\000g}{section.3.5}% 58
\BOOKMARK [2][-]{subsection.3.5.3}{\376\377\000T\000r\000a\000n\000g\000\040\000S\000e\000t\000t\000i\000n\000g\000s\000\040\000v\000\340\000\040\000D\000e\000b\000u\000g}{section.3.5}% 59
\BOOKMARK [2][-]{subsection.3.5.4}{\376\377\000T\000r\000a\000n\000g\000\040\000M\000e\000t\000r\000i\000c\000s}{section.3.5}% 60
\BOOKMARK [1][-]{section.3.6}{\376\377\000T\036\325\000n\000g\000\040\000k\036\277\000t\000\040\000c\000h\001\260\001\241\000n\000g}{chapter.3}% 61
\BOOKMARK [0][-]{chapter.4}{\376\377\000T\000h\036\361\000c\000\040\000n\000g\000h\000i\036\307\000m\000\040\000v\000\340\000\040\001\021\000\341\000n\000h\000\040\000g\000i\000\341}{}% 62
\BOOKMARK [1][-]{section.4.1}{\376\377\000T\000h\000i\036\277\000t\000\040\000l\036\255\000p\000\040\000t\000h\036\361\000c\000\040\000n\000g\000h\000i\036\307\000m}{chapter.4}% 63
\BOOKMARK [2][-]{subsection.4.1.1}{\376\377\000B\036\331\000\040\000d\036\357\000\040\000l\000i\036\307\000u\000\040\001\021\000\341\000n\000h\000\040\000g\000i\000\341}{section.4.1}% 64
\BOOKMARK [2][-]{subsection.4.1.2}{\376\377\000C\000\341\000c\000\040\000m\000\364\000\040\000h\000\354\000n\000h\000\040\001\021\001\260\036\343\000c\000\040\001\021\000\341\000n\000h\000\040\000g\000i\000\341}{section.4.1}% 65
\BOOKMARK [2][-]{subsection.4.1.3}{\376\377\000C\000\341\000c\000\040\000m\000e\000t\000r\000i\000c\000s\000\040\001\021\000\341\000n\000h\000\040\000g\000i\000\341}{section.4.1}% 66
\BOOKMARK [2][-]{subsection.4.1.4}{\376\377\000M\000\364\000i\000\040\000t\000r\001\260\036\335\000n\000g\000\040\000t\000h\036\361\000c\000\040\000n\000g\000h\000i\036\307\000m}{section.4.1}% 67
\BOOKMARK [1][-]{section.4.2}{\376\377\000K\036\277\000t\000\040\000q\000u\036\243\000\040\000t\000h\036\361\000c\000\040\000n\000g\000h\000i\036\307\000m}{chapter.4}% 68
\BOOKMARK [2][-]{subsection.4.2.1}{\376\377\000S\000o\000\040\000s\000\341\000n\000h\000\040\000t\036\325\000n\000g\000\040\000q\000u\000a\000n\000\040\000c\000\341\000c\000\040\000m\000\364\000\040\000h\000\354\000n\000h}{section.4.2}% 69
\BOOKMARK [2][-]{subsection.4.2.2}{\376\377\000P\000h\000\342\000n\000\040\000t\000\355\000c\000h\000\040\000t\000h\000e\000o\000\040\000c\000h\036\347\000\040\001\021\036\301}{section.4.2}% 70
\BOOKMARK [2][-]{subsection.4.2.3}{\376\377\000P\000h\000\342\000n\000\040\000t\000\355\000c\000h\000\040\000B\000E\000R\000T\000S\000c\000o\000r\000e\000\040\000c\000h\000i\000\040\000t\000i\036\277\000t}{section.4.2}% 71
\BOOKMARK [2][-]{subsection.4.2.4}{\376\377\000P\000h\000\342\000n\000\040\000t\000\355\000c\000h\000\040\000C\000o\000m\000p\000r\000e\000s\000s\000i\000o\000n\000\040\000R\000a\000t\000e\000\040\000v\000\340\000\040\000L\000a\000t\000e\000n\000c\000y}{section.4.2}% 72
\BOOKMARK [1][-]{section.4.3}{\376\377\001\020\000\341\000n\000h\000\040\000g\000i\000\341\000\040\000c\001\241\000\040\000c\000h\036\277\000\040\000R\000o\000u\000t\000i\000n\000g}{chapter.4}% 73
\BOOKMARK [2][-]{subsection.4.3.1}{\376\377\000H\000i\036\307\000u\000\040\000q\000u\036\243\000\040\000p\000h\000\342\000n\000\040\000l\000o\036\241\000i\000\040\001\021\036\331\000\040\000p\000h\036\351\000c\000\040\000t\036\241\000p}{section.4.3}% 74
\BOOKMARK [2][-]{subsection.4.3.2}{\376\377\000S\000o\000\040\000s\000\341\000n\000h\000\040\000r\000o\000u\000t\000i\000n\000g\000\040\000t\036\361\000\040\001\021\036\331\000n\000g\000\040\000v\000s\000\040\000m\000a\000n\000u\000a\000l}{section.4.3}% 75
\BOOKMARK [1][-]{section.4.4}{\376\377\001\020\000\341\000n\000h\000\040\000g\000i\000\341\000\040\000m\000o\000d\000u\000l\000e\000\040\000k\000i\036\303\000m\000\040\000c\000h\036\351\000n\000g\000\040\000s\036\361\000\040\000k\000i\036\307\000n}{chapter.4}% 76
\BOOKMARK [2][-]{subsection.4.4.1}{\376\377\000C\000h\036\245\000t\000\040\000l\001\260\036\343\000n\000g\000\040\000k\000i\036\303\000m\000\040\000c\000h\036\351\000n\000g}{section.4.4}% 77
\BOOKMARK [2][-]{subsection.4.4.2}{\376\377\000H\036\241\000n\000\040\000c\000h\036\277}{section.4.4}% 78
\BOOKMARK [1][-]{section.4.5}{\376\377\000T\000h\036\243\000o\000\040\000l\000u\036\255\000n\000\040\000v\036\301\000\040\000t\000h\000\341\000c\000h\000\040\000t\000h\036\351\000c\000\040\000t\000r\000i\036\303\000n\000\040\000k\000h\000a\000i\000\040\000m\000\364\000\040\000h\000\354\000n\000h\000\040\000t\000i\036\277\000n\000g\000\040\000V\000i\036\307\000t}{chapter.4}% 79
\BOOKMARK [1][-]{section.4.6}{\376\377\000P\000h\000\342\000n\000\040\000t\000\355\000c\000h\000\040\000k\000e\000y\000\040\000f\000i\000n\000d\000i\000n\000g\000s}{chapter.4}% 80
\BOOKMARK [1][-]{section.4.7}{\376\377\000T\036\325\000n\000g\000\040\000k\036\277\000t\000\040\000c\000h\001\260\001\241\000n\000g}{chapter.4}% 81
\BOOKMARK [0][-]{chapter*.9}{\376\377\000K\036\277\000t\000\040\000l\000u\036\255\000n}{}% 82
\BOOKMARK [0][-]{chapter.5}{\376\377\000P\000h\036\345\000\040\000l\036\345\000c}{}% 83
\BOOKMARK [1][-]{section.5.1}{\376\377\000M\036\253\000u\000\040\000k\036\277\000t\000\040\000q\000u\036\243\000\040\000t\000\363\000m\000\040\000t\036\257\000t}{chapter.5}% 84
\BOOKMARK [1][-]{section.5.2}{\376\377\000M\036\253\000u\000\040\000k\036\277\000t\000\040\000q\000u\036\243\000\040\000k\000i\036\303\000m\000\040\000c\000h\036\351\000n\000g}{chapter.5}% 85
\BOOKMARK [1][-]{section.5.3}{\376\377\000B\036\243\000n\000g\000\040\000k\036\277\000t\000\040\000q\000u\036\243\000\040\001\021\000\341\000n\000h\000\040\000g\000i\000\341\000\040\000c\000h\000i\000\040\000t\000i\036\277\000t}{chapter.5}% 86
\BOOKMARK [1][-]{section.5.4}{\376\377\000H\001\260\036\333\000n\000g\000\040\000d\036\253\000n\000\040\000c\000\340\000i\000\040\001\021\036\267\000t\000\040\000v\000\340\000\040\000s\036\355\000\040\000d\036\345\000n\000g}{chapter.5}% 87
